e:\autumn bomb ltd\current projects\windows\engines\fuseengine\fuseengine\x64\debug\vc143.pdb
e:\autumn bomb ltd\current projects\windows\engines\fuseengine\fuseengine\x64\debug\vc143.idb
e:\autumn bomb ltd\current projects\windows\engines\fuseengine\fuseengine\x64\debug\imgui_widgets.obj
e:\autumn bomb ltd\current projects\windows\engines\fuseengine\fuseengine\x64\debug\imgui_tables.obj
e:\autumn bomb ltd\current projects\windows\engines\fuseengine\fuseengine\x64\debug\imgui_impl_opengl3.obj
e:\autumn bomb ltd\current projects\windows\engines\fuseengine\fuseengine\x64\debug\imgui_impl_glfw.obj
e:\autumn bomb ltd\current projects\windows\engines\fuseengine\fuseengine\x64\debug\imgui_draw.obj
e:\autumn bomb ltd\current projects\windows\engines\fuseengine\fuseengine\x64\debug\imgui_demo.obj
e:\autumn bomb ltd\current projects\windows\engines\fuseengine\fuseengine\x64\debug\imgui.obj
e:\autumn bomb ltd\current projects\windows\engines\fuseengine\fuseengine\x64\debug\window.obj
e:\autumn bomb ltd\current projects\windows\engines\fuseengine\fuseengine\x64\debug\main.obj
e:\autumn bomb ltd\current projects\windows\engines\fuseengine\fuseengine\x64\debug\glad.obj
e:\autumn bomb ltd\current projects\windows\engines\fuseengine\fuseengine\x64\debug\editor.obj
e:\autumn bomb ltd\current projects\windows\engines\fuseengine\x64\debug\fuseengine.exe
e:\autumn bomb ltd\current projects\windows\engines\fuseengine\fuseengine\x64\debug\fuseengine.ilk
e:\autumn bomb ltd\current projects\windows\engines\fuseengine\x64\debug\fuseengine.pdb
e:\autumn bomb ltd\current projects\windows\engines\fuseengine\fuseengine\x64\debug\fuseengine.tlog\cl.command.1.tlog
e:\autumn bomb ltd\current projects\windows\engines\fuseengine\fuseengine\x64\debug\fuseengine.tlog\cl.read.1.tlog
e:\autumn bomb ltd\current projects\windows\engines\fuseengine\fuseengine\x64\debug\fuseengine.tlog\cl.write.1.tlog
e:\autumn bomb ltd\current projects\windows\engines\fuseengine\fuseengine\x64\debug\fuseengine.tlog\link.command.1.tlog
e:\autumn bomb ltd\current projects\windows\engines\fuseengine\fuseengine\x64\debug\fuseengine.tlog\link.read.1.tlog
e:\autumn bomb ltd\current projects\windows\engines\fuseengine\fuseengine\x64\debug\fuseengine.tlog\link.write.1.tlog
